# JRE version: Java(TM) SE Runtime Environment (8.0_231-b11) (build 1.8.0_231-b11)
# Java VM: Java HotSpot(TM) 64-Bit Server VM (25.231-b11 mixed mode windows-amd64 compressed oops)
Heap:
 PSYoungGen      total 141824K, used 131114K [0x000000076b400000, 0x0000000774900000, 0x00000007c0000000)
  eden space 131072K, 99% used [0x000000076b400000,0x00000007733e53c8,0x0000000773400000)
  from space 10752K, 1% used [0x0000000773400000,0x00000007734257c0,0x0000000773e80000)
  to   space 10752K, 2% used [0x0000000773e80000,0x0000000773ec3830,0x0000000774900000)
 ParOldGen       total 175104K, used 42196K [0x00000006c1c00000, 0x00000006cc700000, 0x000000076b400000)
  object space 175104K, 24% used [0x00000006c1c00000,0x00000006c45353d8,0x00000006cc700000)
 Metaspace       used 2688K, capacity 4568K, committed 4864K, reserved 1056768K
  class space    used 292K, capacity 392K, committed 512K, reserved 1048576K
GC Heap History (10 events):
Event: 668.191 GC heap after
Heap after GC invocations=53 (full 0):
 PSYoungGen      total 141824K, used 259K [0x000000076b400000, 0x0000000774900000, 0x00000007c0000000)
  eden space 131072K, 0% used [0x000000076b400000,0x000000076b400000,0x0000000773400000)
  from space 10752K, 2% used [0x0000000773400000,0x0000000773440c70,0x0000000773e80000)
  to   space 10752K, 0% used [0x0000000773e80000,0x0000000773e80000,0x0000000774900000)
 ParOldGen       total 175104K, used 42196K [0x00000006c1c00000, 0x00000006cc700000, 0x000000076b400000)
  object space 175104K, 24% used [0x00000006c1c00000,0x00000006c45353d8,0x00000006cc700000)
 Metaspace       used 2686K, capacity 4568K, committed 4864K, reserved 1056768K
  class space    used 292K, capacity 392K, committed 512K, reserved 1048576K
}
Event: 668.218 GC heap before
{Heap before GC invocations=54 (full 0):
 PSYoungGen      total 141824K, used 131273K [0x000000076b400000, 0x0000000774900000, 0x00000007c0000000)
  eden space 131072K, 99% used [0x000000076b400000,0x00000007733f1a60,0x0000000773400000)
  from space 10752K, 2% used [0x0000000773400000,0x0000000773440c70,0x0000000773e80000)
  to   space 10752K, 0% used [0x0000000773e80000,0x0000000773e80000,0x0000000774900000)
 ParOldGen       total 175104K, used 42196K [0x00000006c1c00000, 0x00000006cc700000, 0x000000076b400000)
  object space 175104K, 24% used [0x00000006c1c00000,0x00000006c45353d8,0x00000006cc700000)
 Metaspace       used 2686K, capacity 4568K, committed 4864K, reserved 1056768K
  class space    used 292K, capacity 392K, committed 512K, reserved 1048576K
Event: 668.555 GC heap after
Heap after GC invocations=54 (full 0):
 PSYoungGen      total 141824K, used 146K [0x000000076b400000, 0x0000000774900000, 0x00000007c0000000)
  eden space 131072K, 0% used [0x000000076b400000,0x000000076b400000,0x0000000773400000)
  from space 10752K, 1% used [0x0000000773e80000,0x0000000773ea4aa0,0x0000000774900000)
  to   space 10752K, 0% used [0x0000000773400000,0x0000000773400000,0x0000000773e80000)
 ParOldGen       total 175104K, used 42196K [0x00000006c1c00000, 0x00000006cc700000, 0x000000076b400000)
  object space 175104K, 24% used [0x00000006c1c00000,0x00000006c45353d8,0x00000006cc700000)
 Metaspace       used 2686K, capacity 4568K, committed 4864K, reserved 1056768K
  class space    used 292K, capacity 392K, committed 512K, reserved 1048576K
}
Event: 668.583 GC heap before
{Heap before GC invocations=55 (full 0):
 PSYoungGen      total 141824K, used 131119K [0x000000076b400000, 0x0000000774900000, 0x00000007c0000000)
  eden space 131072K, 99% used [0x000000076b400000,0x00000007733e71d0,0x0000000773400000)
  from space 10752K, 1% used [0x0000000773e80000,0x0000000773ea4aa0,0x0000000774900000)
  to   space 10752K, 0% used [0x0000000773400000,0x0000000773400000,0x0000000773e80000)
 ParOldGen       total 175104K, used 42196K [0x00000006c1c00000, 0x00000006cc700000, 0x000000076b400000)
  object space 175104K, 24% used [0x00000006c1c00000,0x00000006c45353d8,0x00000006cc700000)
 Metaspace       used 2686K, capacity 4568K, committed 4864K, reserved 1056768K
  class space    used 292K, capacity 392K, committed 512K, reserved 1048576K
Event: 669.076 GC heap after
Heap after GC invocations=55 (full 0):
 PSYoungGen      total 141824K, used 263K [0x000000076b400000, 0x0000000774900000, 0x00000007c0000000)
  eden space 131072K, 0% used [0x000000076b400000,0x000000076b400000,0x0000000773400000)
  from space 10752K, 2% used [0x0000000773400000,0x0000000773441e40,0x0000000773e80000)
  to   space 10752K, 0% used [0x0000000773e80000,0x0000000773e80000,0x0000000774900000)
 ParOldGen       total 175104K, used 42196K [0x00000006c1c00000, 0x00000006cc700000, 0x000000076b400000)
  object space 175104K, 24% used [0x00000006c1c00000,0x00000006c45353d8,0x00000006cc700000)
 Metaspace       used 2686K, capacity 4568K, committed 4864K, reserved 1056768K
  class space    used 292K, capacity 392K, committed 512K, reserved 1048576K
}
Event: 669.103 GC heap before
{Heap before GC invocations=56 (full 0):
 PSYoungGen      total 141824K, used 131335K [0x000000076b400000, 0x0000000774900000, 0x00000007c0000000)
  eden space 131072K, 100% used [0x000000076b400000,0x0000000773400000,0x0000000773400000)
  from space 10752K, 2% used [0x0000000773400000,0x0000000773441e40,0x0000000773e80000)
  to   space 10752K, 0% used [0x0000000773e80000,0x0000000773e80000,0x0000000774900000)
 ParOldGen       total 175104K, used 42196K [0x00000006c1c00000, 0x00000006cc700000, 0x000000076b400000)
  object space 175104K, 24% used [0x00000006c1c00000,0x00000006c45353d8,0x00000006cc700000)
 Metaspace       used 2686K, capacity 4568K, committed 4864K, reserved 1056768K
  class space    used 292K, capacity 392K, committed 512K, reserved 1048576K
Event: 669.479 GC heap after
Heap after GC invocations=56 (full 0):
 PSYoungGen      total 141824K, used 148K [0x000000076b400000, 0x0000000774900000, 0x00000007c0000000)
  eden space 131072K, 0% used [0x000000076b400000,0x000000076b400000,0x0000000773400000)
  from space 10752K, 1% used [0x0000000773e80000,0x0000000773ea5370,0x0000000774900000)
  to   space 10752K, 0% used [0x0000000773400000,0x0000000773400000,0x0000000773e80000)
 ParOldGen       total 175104K, used 42196K [0x00000006c1c00000, 0x00000006cc700000, 0x000000076b400000)
  object space 175104K, 24% used [0x00000006c1c00000,0x00000006c45353d8,0x00000006cc700000)
 Metaspace       used 2686K, capacity 4568K, committed 4864K, reserved 1056768K
  class space    used 292K, capacity 392K, committed 512K, reserved 1048576K
}
Event: 669.504 GC heap before
{Heap before GC invocations=57 (full 0):
 PSYoungGen      total 141824K, used 131105K [0x000000076b400000, 0x0000000774900000, 0x00000007c0000000)
  eden space 131072K, 99% used [0x000000076b400000,0x00000007733e3258,0x0000000773400000)
  from space 10752K, 1% used [0x0000000773e80000,0x0000000773ea5370,0x0000000774900000)
  to   space 10752K, 0% used [0x0000000773400000,0x0000000773400000,0x0000000773e80000)
 ParOldGen       total 175104K, used 42196K [0x00000006c1c00000, 0x00000006cc700000, 0x000000076b400000)
  object space 175104K, 24% used [0x00000006c1c00000,0x00000006c45353d8,0x00000006cc700000)
 Metaspace       used 2686K, capacity 4568K, committed 4864K, reserved 1056768K
  class space    used 292K, capacity 392K, committed 512K, reserved 1048576K
Event: 669.784 GC heap after
Heap after GC invocations=57 (full 0):
 PSYoungGen      total 141824K, used 149K [0x000000076b400000, 0x0000000774900000, 0x00000007c0000000)
  eden space 131072K, 0% used [0x000000076b400000,0x000000076b400000,0x0000000773400000)
  from space 10752K, 1% used [0x0000000773400000,0x00000007734257c0,0x0000000773e80000)
  to   space 10752K, 0% used [0x0000000773e80000,0x0000000773e80000,0x0000000774900000)
 ParOldGen       total 175104K, used 42196K [0x00000006c1c00000, 0x00000006cc700000, 0x000000076b400000)
  object space 175104K, 24% used [0x00000006c1c00000,0x00000006c45353d8,0x00000006cc700000)
 Metaspace       used 2686K, capacity 4568K, committed 4864K, reserved 1056768K
  class space    used 292K, capacity 392K, committed 512K, reserved 1048576K
}
Event: 669.809 GC heap before
{Heap before GC invocations=58 (full 0):
 PSYoungGen      total 141824K, used 131114K [0x000000076b400000, 0x0000000774900000, 0x00000007c0000000)
  eden space 131072K, 99% used [0x000000076b400000,0x00000007733e53c8,0x0000000773400000)
  from space 10752K, 1% used [0x0000000773400000,0x00000007734257c0,0x0000000773e80000)
  to   space 10752K, 0% used [0x0000000773e80000,0x0000000773e80000,0x0000000774900000)
 ParOldGen       total 175104K, used 42196K [0x00000006c1c00000, 0x00000006cc700000, 0x000000076b400000)
  object space 175104K, 24% used [0x00000006c1c00000,0x00000006c45353d8,0x00000006cc700000)
 Metaspace       used 2688K, capacity 4568K, committed 4864K, reserved 1056768K
  class space    used 292K, capacity 392K, committed 512K, reserved 1048576K

