# JRE version: Java(TM) SE Runtime Environment (8.0_231-b11) (build 1.8.0_231-b11)
# Java VM: Java HotSpot(TM) 64-Bit Server VM (25.231-b11 mixed mode windows-amd64 compressed oops)
Heap:
 PSYoungGen      total 170496K, used 136483K [0x000000076b400000, 0x0000000775b00000, 0x00000007c0000000)
  eden space 169984K, 80% used [0x000000076b400000,0x000000077390f738,0x0000000775a00000)
  from space 512K, 44% used [0x0000000775a80000,0x0000000775ab9580,0x0000000775b00000)
  to   space 512K, 0% used [0x0000000775a00000,0x0000000775a00000,0x0000000775a80000)
 ParOldGen       total 175104K, used 42199K [0x00000006c1c00000, 0x00000006cc700000, 0x000000076b400000)
  object space 175104K, 24% used [0x00000006c1c00000,0x00000006c4535fc0,0x00000006cc700000)
 Metaspace       used 2688K, capacity 4568K, committed 4864K, reserved 1056768K
  class space    used 292K, capacity 392K, committed 512K, reserved 1048576K
GC Heap History (10 events):
Event: 775.103 GC heap before
{Heap before GC invocations=150 (full 0):
 PSYoungGen      total 141824K, used 141532K [0x000000076b400000, 0x0000000774f00000, 0x00000007c0000000)
  eden space 141312K, 99% used [0x000000076b400000,0x0000000773dfece8,0x0000000773e00000)
  from space 512K, 44% used [0x0000000773e00000,0x0000000773e38650,0x0000000773e80000)
  to   space 10752K, 0% used [0x0000000773e80000,0x0000000773e80000,0x0000000774900000)
 ParOldGen       total 175104K, used 42199K [0x00000006c1c00000, 0x00000006cc700000, 0x000000076b400000)
  object space 175104K, 24% used [0x00000006c1c00000,0x00000006c4535fc0,0x00000006cc700000)
 Metaspace       used 2688K, capacity 4568K, committed 4864K, reserved 1056768K
  class space    used 292K, capacity 392K, committed 512K, reserved 1048576K
Event: 775.369 GC heap after
Heap after GC invocations=150 (full 0):
 PSYoungGen      total 152064K, used 226K [0x000000076b400000, 0x0000000775b00000, 0x00000007c0000000)
  eden space 141312K, 0% used [0x000000076b400000,0x000000076b400000,0x0000000773e00000)
  from space 10752K, 2% used [0x0000000773e80000,0x0000000773eb8928,0x0000000774900000)
  to   space 512K, 0% used [0x0000000773e00000,0x0000000773e00000,0x0000000773e80000)
 ParOldGen       total 175104K, used 42199K [0x00000006c1c00000, 0x00000006cc700000, 0x000000076b400000)
  object space 175104K, 24% used [0x00000006c1c00000,0x00000006c4535fc0,0x00000006cc700000)
 Metaspace       used 2688K, capacity 4568K, committed 4864K, reserved 1056768K
  class space    used 292K, capacity 392K, committed 512K, reserved 1048576K
}
Event: 775.399 GC heap before
{Heap before GC invocations=151 (full 0):
 PSYoungGen      total 152064K, used 141456K [0x000000076b400000, 0x0000000775b00000, 0x00000007c0000000)
  eden space 141312K, 99% used [0x000000076b400000,0x0000000773deb858,0x0000000773e00000)
  from space 10752K, 2% used [0x0000000773e80000,0x0000000773eb8928,0x0000000774900000)
  to   space 512K, 0% used [0x0000000773e00000,0x0000000773e00000,0x0000000773e80000)
 ParOldGen       total 175104K, used 42199K [0x00000006c1c00000, 0x00000006cc700000, 0x000000076b400000)
  object space 175104K, 24% used [0x00000006c1c00000,0x00000006c4535fc0,0x00000006cc700000)
 Metaspace       used 2688K, capacity 4568K, committed 4864K, reserved 1056768K
  class space    used 292K, capacity 392K, committed 512K, reserved 1048576K
Event: 775.676 GC heap after
Heap after GC invocations=151 (full 0):
 PSYoungGen      total 141824K, used 227K [0x000000076b400000, 0x0000000775b00000, 0x00000007c0000000)
  eden space 141312K, 0% used [0x000000076b400000,0x000000076b400000,0x0000000773e00000)
  from space 512K, 44% used [0x0000000773e00000,0x0000000773e38c18,0x0000000773e80000)
  to   space 512K, 0% used [0x0000000775a80000,0x0000000775a80000,0x0000000775b00000)
 ParOldGen       total 175104K, used 42199K [0x00000006c1c00000, 0x00000006cc700000, 0x000000076b400000)
  object space 175104K, 24% used [0x00000006c1c00000,0x00000006c4535fc0,0x00000006cc700000)
 Metaspace       used 2688K, capacity 4568K, committed 4864K, reserved 1056768K
  class space    used 292K, capacity 392K, committed 512K, reserved 1048576K
}
Event: 775.709 GC heap before
{Heap before GC invocations=152 (full 0):
 PSYoungGen      total 141824K, used 141373K [0x000000076b400000, 0x0000000775b00000, 0x00000007c0000000)
  eden space 141312K, 99% used [0x000000076b400000,0x0000000773dd6a50,0x0000000773e00000)
  from space 512K, 44% used [0x0000000773e00000,0x0000000773e38c18,0x0000000773e80000)
  to   space 512K, 0% used [0x0000000775a80000,0x0000000775a80000,0x0000000775b00000)
 ParOldGen       total 175104K, used 42199K [0x00000006c1c00000, 0x00000006cc700000, 0x000000076b400000)
  object space 175104K, 24% used [0x00000006c1c00000,0x00000006c4535fc0,0x00000006cc700000)
 Metaspace       used 2688K, capacity 4568K, committed 4864K, reserved 1056768K
  class space    used 292K, capacity 392K, committed 512K, reserved 1048576K
Event: 775.983 GC heap after
Heap after GC invocations=152 (full 0):
 PSYoungGen      total 170496K, used 227K [0x000000076b400000, 0x0000000775b00000, 0x00000007c0000000)
  eden space 169984K, 0% used [0x000000076b400000,0x000000076b400000,0x0000000775a00000)
  from space 512K, 44% used [0x0000000775a80000,0x0000000775ab8ef0,0x0000000775b00000)
  to   space 512K, 0% used [0x0000000775a00000,0x0000000775a00000,0x0000000775a80000)
 ParOldGen       total 175104K, used 42199K [0x00000006c1c00000, 0x00000006cc700000, 0x000000076b400000)
  object space 175104K, 24% used [0x00000006c1c00000,0x00000006c4535fc0,0x00000006cc700000)
 Metaspace       used 2688K, capacity 4568K, committed 4864K, reserved 1056768K
  class space    used 292K, capacity 392K, committed 512K, reserved 1048576K
}
Event: 776.586 GC heap before
{Heap before GC invocations=153 (full 0):
 PSYoungGen      total 170496K, used 170119K [0x000000076b400000, 0x0000000775b00000, 0x00000007c0000000)
  eden space 169984K, 99% used [0x000000076b400000,0x00000007759e9098,0x0000000775a00000)
  from space 512K, 44% used [0x0000000775a80000,0x0000000775ab8ef0,0x0000000775b00000)
  to   space 512K, 0% used [0x0000000775a00000,0x0000000775a00000,0x0000000775a80000)
 ParOldGen       total 175104K, used 42199K [0x00000006c1c00000, 0x00000006cc700000, 0x000000076b400000)
  object space 175104K, 24% used [0x00000006c1c00000,0x00000006c4535fc0,0x00000006cc700000)
 Metaspace       used 2688K, capacity 4568K, committed 4864K, reserved 1056768K
  class space    used 292K, capacity 392K, committed 512K, reserved 1048576K
Event: 777.183 GC heap after
Heap after GC invocations=153 (full 0):
 PSYoungGen      total 170496K, used 228K [0x000000076b400000, 0x0000000775b00000, 0x00000007c0000000)
  eden space 169984K, 0% used [0x000000076b400000,0x000000076b400000,0x0000000775a00000)
  from space 512K, 44% used [0x0000000775a00000,0x0000000775a39250,0x0000000775a80000)
  to   space 512K, 0% used [0x0000000775a80000,0x0000000775a80000,0x0000000775b00000)
 ParOldGen       total 175104K, used 42199K [0x00000006c1c00000, 0x00000006cc700000, 0x000000076b400000)
  object space 175104K, 24% used [0x00000006c1c00000,0x00000006c4535fc0,0x00000006cc700000)
 Metaspace       used 2688K, capacity 4568K, committed 4864K, reserved 1056768K
  class space    used 292K, capacity 392K, committed 512K, reserved 1048576K
}
Event: 777.576 GC heap before
{Heap before GC invocations=154 (full 0):
 PSYoungGen      total 170496K, used 170212K [0x000000076b400000, 0x0000000775b00000, 0x00000007c0000000)
  eden space 169984K, 100% used [0x000000076b400000,0x0000000775a00000,0x0000000775a00000)
  from space 512K, 44% used [0x0000000775a00000,0x0000000775a39250,0x0000000775a80000)
  to   space 512K, 0% used [0x0000000775a80000,0x0000000775a80000,0x0000000775b00000)
 ParOldGen       total 175104K, used 42199K [0x00000006c1c00000, 0x00000006cc700000, 0x000000076b400000)
  object space 175104K, 24% used [0x00000006c1c00000,0x00000006c4535fc0,0x00000006cc700000)
 Metaspace       used 2688K, capacity 4568K, committed 4864K, reserved 1056768K
  class space    used 292K, capacity 392K, committed 512K, reserved 1048576K
Event: 777.862 GC heap after
Heap after GC invocations=154 (full 0):
 PSYoungGen      total 170496K, used 229K [0x000000076b400000, 0x0000000775b00000, 0x00000007c0000000)
  eden space 169984K, 0% used [0x000000076b400000,0x000000076b400000,0x0000000775a00000)
  from space 512K, 44% used [0x0000000775a80000,0x0000000775ab9580,0x0000000775b00000)
  to   space 512K, 0% used [0x0000000775a00000,0x0000000775a00000,0x0000000775a80000)
 ParOldGen       total 175104K, used 42199K [0x00000006c1c00000, 0x00000006cc700000, 0x000000076b400000)
  object space 175104K, 24% used [0x00000006c1c00000,0x00000006c4535fc0,0x00000006cc700000)
 Metaspace       used 2688K, capacity 4568K, committed 4864K, reserved 1056768K
  class space    used 292K, capacity 392K, committed 512K, reserved 1048576K
}

